[2026-03-12 21:53:42] Processing create for entry ID 125 (user: 26, race: 48)
[2026-03-12 21:53:42]  - Skipped: Race 48 is not imported from ORIS (no oris_comp_id). Marking LOCAL_ONLY.
[2026-03-12 21:56:25] Processing create for entry ID 138 (user: 39, race: 52)
[2026-03-12 21:56:25]  - Sending create request to ORIS API. clubuser: 8721, class: H21, si: 0
[2026-03-12 21:56:25]  - Failed: Action create encountered an error: API Error or HTTP 200
[2026-03-12 21:56:57] Processing create for entry ID 138 (user: 39, race: 52)
[2026-03-12 21:56:57]  - Sending create request to ORIS API. clubuser: 8721, class: H21, si: 0
[2026-03-12 21:56:57]  - Failed: Action create encountered an error: API Error or HTTP 200
[2026-03-12 21:59:24] Processing create for entry ID 138 (user: 39, race: 52)
[2026-03-12 21:59:24]  - Sending create request to ORIS API. clubuser: 8721, class: H21, si: 0
[2026-03-12 21:59:24]  - Failed: Action create encountered an error: API Error or HTTP 200 ORIS Status: Reg.č. není platné
[2026-03-12 22:01:44] Processing create for entry ID 138 (user: 39, race: 52)
[2026-03-12 22:01:44]  - Sending create request to ORIS API. clubuser: 8721, class: H21, si: 0
[2026-03-12 22:01:44]  - Failed: Action create encountered an error: API Error or HTTP 200 ORIS Status: Reg.č. není platné
[2026-03-12 22:01:58] Processing create for entry ID 138 (user: 39, race: 52)
[2026-03-12 22:01:58]  - Sending create request to ORIS API. clubuser: 8721, class: H21, si: 0
[2026-03-12 22:01:58]  - Raw POST Data: clubuser=8721&class=H21&method=createEntry&format=json&clubkey=16704c0a8cc4bb025db487f49411e808
[2026-03-12 22:01:58]  - Failed: Action create encountered an error: API Error or HTTP 200 ORIS Status: Reg.č. není platné
[2026-03-12 22:02:59] Processing create for entry ID 138 (user: 39, race: 52)
[2026-03-12 22:02:59]  - Sending create request to ORIS API. clubuser: ZBM8721, class: H21, si: 0
[2026-03-12 22:02:59]  - Raw POST Data: clubuser=ZBM8721&class=H21&method=createEntry&format=json&clubkey=16704c0a8cc4bb025db487f49411e808
[2026-03-12 22:02:59]  - Failed: Action create encountered an error: API Error or HTTP 200 ORIS Status: Reg.č. není platné
[2026-03-12 22:05:58] Processing create for entry ID 138 (user: 39, race: 52)
[2026-03-12 22:05:58]  - Sending create request to ORIS API. clubuser: ZBM8721, class: H21, si: 0
[2026-03-12 22:05:58]  - Raw POST Data: clubuser=ZBM8721&class=H21&method=createEntry&format=json&clubkey=16704c0a8cc4bb025db487f49411e808
[2026-03-12 22:05:58]  - Failed: Action create encountered an error: API Error or HTTP 200 ORIS Status: Reg.č. není platné
[2026-03-12 22:06:30] Processing create for entry ID 138 (user: 39, race: 52)
[2026-03-12 22:06:30]  - Sending create request to ORIS API. clubuser: 7000, class: H21, si: 0
[2026-03-12 22:06:31]  - Raw POST Data: clubuser=7000&class=H21&method=createEntry&format=json&clubkey=16704c0a8cc4bb025db487f49411e808
[2026-03-12 22:06:31]  - Failed: Action create encountered an error: API Error or HTTP 200 ORIS Status: Neplatná kategorie
[2026-03-12 22:11:24] Processing create for entry ID 138 (user: 39, race: 52)
[2026-03-12 22:11:25]  - Warning: Could not resolve ORIS Class ID for category 'H21'
[2026-03-12 22:11:25]  - Sending create request to ORIS API. clubuser: 7000, class: H21 (mapped from H21), si: 0
[2026-03-12 22:11:25]  - Raw POST Data: clubuser=7000&class=H21&method=createEntry&format=json&clubkey=16704c0a8cc4bb025db487f49411e808
[2026-03-12 22:11:25]  - Failed: Action create encountered an error: API Error or HTTP 200 ORIS Status: Neplatná kategorie
[2026-03-12 22:12:14] Processing create for entry ID 138 (user: 39, race: 52)
[2026-03-12 22:12:14]  - Warning: Could not resolve ORIS Class ID for category 'H21'
[2026-03-12 22:12:14]  - Sending create request to ORIS API. clubuser: 7000, class: H21 (mapped from H21), si: 0
[2026-03-12 22:12:14]  - Raw POST Data: clubuser=7000&class=H21&method=createEntry&format=json&clubkey=16704c0a8cc4bb025db487f49411e808
[2026-03-12 22:12:14]  - Failed: Action create encountered an error: API Error or HTTP 200 ORIS Status: Neplatná kategorie
[2026-03-12 22:15:33] Processing create for entry ID 138 (user: 39, race: 52)
[2026-03-12 22:15:34]  - Sending create request to ORIS API. clubuser: 7000, class: 217130 (mapped from H21), si: 0
[2026-03-12 22:15:34]  - Raw POST Data: clubuser=7000&class=217130&method=createEntry&format=json&clubkey=16704c0a8cc4bb025db487f49411e808
[2026-03-12 22:15:34]  - Success: Action create completed. ORIS Entry ID: 
[2026-03-12 22:24:40] Processing create for entry ID 138 (user: 39, race: 52)
[2026-03-12 22:24:41]  - Sending create request to ORIS API. clubuser: 7323, class: 217130 (mapped from H21), si: 0
[2026-03-12 22:24:41]  - Raw POST Data: clubuser=7323&class=217130&method=createEntry&format=json&clubkey=16704c0a8cc4bb025db487f49411e808
[2026-03-12 22:24:41]  - Success: Action create completed. ORIS Entry ID: 
[2026-03-12 22:42:43] Processing create for entry ID 138 (user: 39, race: 52)
[2026-03-12 22:42:43]  - Sending create request to ORIS API. clubuser: 7323, class: 217130 (mapped from H21), si: 0
[2026-03-12 22:42:43]  - Raw POST Data: clubuser=7323&class=217130&method=createEntry&format=json&clubkey=16704c0a8cc4bb025db487f49411e808
[2026-03-12 22:42:43]  - Success: Action create completed. ORIS Entry ID: 
[2026-03-13 13:41:09] Processing update for entry ID 139 (user: 39, race: 53)
[2026-03-13 13:41:10]  - Sending update request to ORIS API. clubuser: 7323, class: 211624 (mapped from H21C), si: 0
[2026-03-13 13:41:10]  - Failed: Action update encountered an error: Cannot update: No ORIS Entry ID
[2026-03-13 13:45:25] Processing create for entry ID 139 (user: 39, race: 53)
[2026-03-13 13:45:25]  - Sending create request to ORIS API. clubuser: 7323, class: 211624 (mapped from H21C), si: 0
[2026-03-13 13:45:25]  - Raw POST Data: clubuser=7323&class=211624&method=createEntry&format=json&clubkey=16704c0a8cc4bb025db487f49411e808
[2026-03-13 13:45:25]  - Success: Action create completed. ORIS Entry ID: 
[2026-03-13 13:50:40] Processing delete for entry ID 139 (user: 39, race: 53)
[2026-03-13 13:50:41]  - Sending delete request to ORIS API. clubuser: 7323, class: 211624 (mapped from H21C), si: 0
[2026-03-13 13:50:41]  - Success: Action delete completed. ORIS Entry ID: 
[2026-03-13 13:53:30] Processing create for entry ID 140 (user: 11, race: 53)
[2026-03-13 13:53:30]  - Sending create request to ORIS API. clubuser: 7315, class: 211626 (mapped from H35), si: 0
[2026-03-13 13:53:31]  - Raw POST Data: clubuser=7315&class=211626&method=createEntry&format=json&clubkey=16704c0a8cc4bb025db487f49411e808
[2026-03-13 13:53:31]  - Success: Action create completed. ORIS Entry ID: 
[2026-03-13 13:53:31] Processing create for entry ID 141 (user: 39, race: 53)
[2026-03-13 13:53:31]  - Sending create request to ORIS API. clubuser: 7323, class: 211626 (mapped from H35), si: 0
[2026-03-13 13:53:31]  - Raw POST Data: clubuser=7323&class=211626&method=createEntry&format=json&clubkey=16704c0a8cc4bb025db487f49411e808
[2026-03-13 13:53:31]  - Failed: Action create encountered an error: API Error or HTTP 200 ORIS Status: Již přihlášen
[2026-03-13 13:54:19] Processing delete for entry ID 140 (user: 11, race: 53)
[2026-03-13 13:54:19]  - Sending delete request to ORIS API. clubuser: 7315, class: 211626 (mapped from H35), si: 0
[2026-03-13 13:54:19]  - Success: Action delete completed. ORIS Entry ID: 
[2026-03-13 13:54:19] Processing delete for entry ID 141 (user: 39, race: 53)
[2026-03-13 13:54:20]  - Sending delete request to ORIS API. clubuser: 7323, class: 211626 (mapped from H35), si: 0
[2026-03-13 13:54:20]  - Success: Action delete completed. ORIS Entry ID: 
[2026-03-13 14:04:36] Processing update for entry ID 142 (user: 11, race: 53)
[2026-03-13 14:04:36]  - Sending update request to ORIS API. clubuser: 7315, class: 211626 (mapped from H35), si: 0
[2026-03-13 14:04:36]  - Warning: Missing ORIS Entry ID for update. Falling back to create.
[2026-03-13 14:04:37]  - Raw POST Data: clubuser=7315&class=211626&method=createEntry&format=json&clubkey=16704c0a8cc4bb025db487f49411e808
[2026-03-13 14:04:37]  - Failed: Action update encountered an error: API Error or HTTP 200 ORIS Status: Již přihlášen
[2026-03-13 14:04:37] Processing update for entry ID 143 (user: 39, race: 53)
[2026-03-13 14:04:37]  - Sending update request to ORIS API. clubuser: 7323, class: 211626 (mapped from H35), si: 0
[2026-03-13 14:04:37]  - Warning: Missing ORIS Entry ID for update. Falling back to create.
[2026-03-13 14:04:37]  - Raw POST Data: clubuser=7323&class=211626&method=createEntry&format=json&clubkey=16704c0a8cc4bb025db487f49411e808
[2026-03-13 14:04:37]  - Failed: Action update encountered an error: API Error or HTTP 200 ORIS Status: Již přihlášen
[2026-03-13 14:06:59] Processing create for entry ID 142 (user: 11, race: 53)
[2026-03-13 14:06:59]  - Sending create request to ORIS API. clubuser: 7315, class: 211626 (mapped from H35), si: 0
[2026-03-13 14:07:00]  - Raw POST Data: clubuser=7315&class=211626&method=createEntry&format=json&clubkey=16704c0a8cc4bb025db487f49411e808
[2026-03-13 14:07:00]  - Failed: Action create encountered an error: API Error or HTTP 200 ORIS Status: Již přihlášen
[2026-03-13 14:07:00] Processing create for entry ID 143 (user: 39, race: 53)
[2026-03-13 14:07:00]  - Sending create request to ORIS API. clubuser: 7323, class: 211626 (mapped from H35), si: 0
[2026-03-13 14:07:00]  - Raw POST Data: clubuser=7323&class=211626&method=createEntry&format=json&clubkey=16704c0a8cc4bb025db487f49411e808
[2026-03-13 14:07:00]  - Failed: Action create encountered an error: API Error or HTTP 200 ORIS Status: Již přihlášen
[2026-03-13 14:08:30] Processing update for entry ID 142 (user: 11, race: 53)
[2026-03-13 14:08:30]  - Sending update request to ORIS API. clubuser: 7315, class: 211626 (mapped from H35), si: 0
[2026-03-13 14:08:30]  - Warning: Missing ORIS Entry ID for update. Attempting to fetch from ORIS.
[2026-03-13 14:08:31]  - Found ORIS Entry ID 3170927 for clubuser 7315
[2026-03-13 14:08:31]  - Raw POST Data: entryid=3170927&clubuser=7315&class=211626&method=updateEntry&format=json&clubkey=16704c0a8cc4bb025db487f49411e808
[2026-03-13 14:08:31]  - Success: Action update completed. ORIS Entry ID: 
[2026-03-13 14:08:31] Processing update for entry ID 143 (user: 39, race: 53)
[2026-03-13 14:08:31]  - Sending update request to ORIS API. clubuser: 7323, class: 211626 (mapped from H35), si: 0
[2026-03-13 14:08:31]  - Warning: Missing ORIS Entry ID for update. Attempting to fetch from ORIS.
[2026-03-13 14:08:31]  - Found ORIS Entry ID 3170917 for clubuser 7323
[2026-03-13 14:08:32]  - Raw POST Data: entryid=3170917&clubuser=7323&class=211626&method=updateEntry&format=json&clubkey=16704c0a8cc4bb025db487f49411e808
[2026-03-13 14:08:32]  - Success: Action update completed. ORIS Entry ID: 
[2026-03-13 14:10:12] Processing update for entry ID 142 (user: 11, race: 53)
[2026-03-13 14:10:13]  - Sending update request to ORIS API. clubuser: 7315, class: 211624 (mapped from H21C), si: 0
[2026-03-13 14:10:13]  - Warning: Missing ORIS Entry ID for update. Attempting to fetch from ORIS.
[2026-03-13 14:10:13]  - Found ORIS Entry ID 3170927 for clubuser 7315
[2026-03-13 14:10:13]  - Raw POST Data: entryid=3170927&clubuser=7315&class=211624&method=updateEntry&format=json&clubkey=16704c0a8cc4bb025db487f49411e808
[2026-03-13 14:10:13]  - Success: Action update completed. ORIS Entry ID: 3170927
[2026-03-13 14:10:13] Processing update for entry ID 143 (user: 39, race: 53)
[2026-03-13 14:10:14]  - Warning: Could not resolve ORIS Class ID for category 'H21'
[2026-03-13 14:10:14]  - Sending update request to ORIS API. clubuser: 7323, class: H21 (mapped from H21), si: 0
[2026-03-13 14:10:14]  - Warning: Missing ORIS Entry ID for update. Attempting to fetch from ORIS.
[2026-03-13 14:10:14]  - Found ORIS Entry ID 3170917 for clubuser 7323
[2026-03-13 14:10:14]  - Raw POST Data: entryid=3170917&clubuser=7323&class=H21&method=updateEntry&format=json&clubkey=16704c0a8cc4bb025db487f49411e808
[2026-03-13 14:10:14]  - Success: Action update completed. ORIS Entry ID: 3170917
[2026-03-13 14:39:31] Processing delete for entry ID 142 (user: 11, race: 53)
[2026-03-13 14:39:32]  - Sending delete request to ORIS API. clubuser: 7315, class: 211624 (mapped from H21C), si: 0
[2026-03-13 14:39:32]  - Raw POST Data: entryid=3170927&method=deleteEntry&format=json&clubkey=16704c0a8cc4bb025db487f49411e808
[2026-03-13 14:39:32]  - Success: Action delete completed. ORIS Entry ID: 3170927
[2026-03-13 14:39:32] Processing delete for entry ID 143 (user: 39, race: 53)
[2026-03-13 14:39:32]  - Warning: Could not resolve ORIS Class ID for category 'H21'
[2026-03-13 14:39:32]  - Sending delete request to ORIS API. clubuser: 7323, class: H21 (mapped from H21), si: 0
[2026-03-13 14:39:33]  - Raw POST Data: entryid=3170917&method=deleteEntry&format=json&clubkey=16704c0a8cc4bb025db487f49411e808
[2026-03-13 14:39:33]  - Success: Action delete completed. ORIS Entry ID: 3170917
[2026-03-13 14:40:37] Processing create for entry ID 144 (user: 11, race: 53)
[2026-03-13 14:40:38]  - Sending create request to ORIS API. clubuser: 7315, class: 211624 (mapped from H21C), si: 0
[2026-03-13 14:40:39]  - Raw POST Data: clubuser=7315&class=211624&method=createEntry&format=json&clubkey=16704c0a8cc4bb025db487f49411e808
[2026-03-13 14:40:39]  - Success: Action create completed. ORIS Entry ID: 
[2026-03-13 14:40:39] Processing create for entry ID 145 (user: 39, race: 53)
[2026-03-13 14:40:40]  - Sending create request to ORIS API. clubuser: 7323, class: 211626 (mapped from H35), si: 0
[2026-03-13 14:40:40]  - Raw POST Data: clubuser=7323&class=211626&method=createEntry&format=json&clubkey=16704c0a8cc4bb025db487f49411e808
[2026-03-13 14:40:40]  - Success: Action create completed. ORIS Entry ID: 
[2026-03-13 14:44:01] Processing delete for entry ID 144 (user: 11, race: 53)
[2026-03-13 14:44:02]  - Sending delete request to ORIS API. clubuser: 7315, class: 211624 (mapped from H21C), si: 0
[2026-03-13 14:44:02]  - Warning: Missing ORIS Entry ID for delete. Attempting to fetch from ORIS.
[2026-03-13 14:44:02]  - Found ORIS Entry ID 3170940 for clubuser 7315
[2026-03-13 14:44:02]  - Raw POST Data: entryid=3170940&method=deleteEntry&format=json&clubkey=16704c0a8cc4bb025db487f49411e808
[2026-03-13 14:44:02]  - Success: Action delete completed. ORIS Entry ID: 
[2026-03-13 14:44:02] Processing delete for entry ID 145 (user: 39, race: 53)
[2026-03-13 14:44:03]  - Sending delete request to ORIS API. clubuser: 7323, class: 211626 (mapped from H35), si: 0
[2026-03-13 14:44:03]  - Warning: Missing ORIS Entry ID for delete. Attempting to fetch from ORIS.
[2026-03-13 14:44:03]  - Found ORIS Entry ID 3170941 for clubuser 7323
[2026-03-13 14:44:03]  - Raw POST Data: entryid=3170941&method=deleteEntry&format=json&clubkey=16704c0a8cc4bb025db487f49411e808
[2026-03-13 14:44:03]  - Success: Action delete completed. ORIS Entry ID: 
